<?xml version="1.0" encoding="UTF-8" ?>
<testsuite tests="9" failures="0" name="MavenTest.jenkinsTips.AppTest" time="0.005" errors="0" skipped="0">
  <properties>
[...]
</properties>
  <testcase classname="MavenTest.jenkinsTips.AppTest" name="equalsTest18" time="0.004"/>
  <testcase classname="MavenTest.jenkinsTips.AppTest" name="equalsTest28" time="0"/>
  <testcase classname="MavenTest.jenkinsTips.AppTest" name="equalsTest1" time="0"/>
  <testcase classname="MavenTest.jenkinsTips.AppTest" name="equalsTest2" time="0"/>
  <testcase classname="MavenTest.jenkinsTips.AppTest" name="equalsTest3" time="0"/>
  <testcase classname="MavenTest.jenkinsTips.AppTest" name="equalsTest4" time="0.001"/>
  <testcase classname="MavenTest.jenkinsTips.AppTest" name="equalsTest5" time="0"/>
  <testcase classname="MavenTest.jenkinsTips.AppTest" name="equalsTest6" time="0"/>
  <testcase classname="MavenTest.jenkinsTips.AppTest" name="equalsTest8" time="0"/>
</testsuite>